PS J:\ROOT\GitHub\ANXCamera10>java  -jar ..\ANXMiuiPortTools\apktool.jar b -p ..\ANXMiuiPortTools\MiuiFrameworks -o .\out\ANXCamera-Unsigned.apk .\src\ANXCamera
I: Using Apktool 2.3.4
I: Checking whether sources has changed...
I: Smaling smali folder into classes.dex...
I: Checking whether resources has changed...
I: Building resources...
W: warning: string 'accessibility_audio_shutter_bg' has no default translation.
W: warning: string 'accessibility_bokeh_normal' has no default translation.
W: warning: string 'accessibility_bokeh_on' has no default translation.
W: warning: string 'accessibility_camera_module_picker' has no default translation.
W: warning: string 'accessibility_flash_mode_button' has no default translation.
W: warning: string 'accessibility_intent_done_retry' has no default translation.
W: warning: string 'accessibility_mode' has no default translation.
W: warning: string 'accessibility_mode_dismiss_button' has no default translation.
W: warning: string 'accessibility_seek_bar_line' has no default translation.
W: warning: string 'accessibility_setting_button' has no default translation.
W: warning: string 'accessibility_skin_beautify_button' has no default translation.
W: warning: string 'accessibility_video_btn_play' has no default translation.
W: warning: string 'accessibility_video_module_picker' has no default translation.
W: warning: string 'audio_focus_exit_button_text' has no default translation.
W: warning: string 'autozoom_click_hint' has no default translation.
W: warning: string 'autozoom_disabled_hint' has no default translation.
W: warning: string 'autozoom_hint' has no default translation.
W: warning: string 'back_bokeh_use_hint' has no default translation.
W: warning: string 'bokeh_use_hint' has no default translation.
W: warning: string 'burst_shoot_exit_button_text' has no default translation.
W: warning: string 'camera_mode_options' has no default translation.
W: warning: string 'close' has no default translation.
W: warning: string 'config_name_sound' has no default translation.
W: warning: string 'config_name_timer' has no default translation.
W: warning: string 'details' has no default translation.
W: warning: string 'duration' has no default translation.
W: warning: string 'edit' has no default translation.
W: warning: string 'edit_face_ruddy' has no default translation.
W: warning: string 'error_fail_to_start_audio_capture' has no default translation.
W: warning: string 'face_analyze_info' has no default translation.
W: warning: string 'face_analyze_info_age' has no default translation.
W: warning: string 'face_analyze_info_female' has no default translation.
W: warning: string 'face_analyze_info_gender' has no default translation.
W: warning: string 'face_analyze_info_male' has no default translation.
W: warning: string 'face_analyze_info_years' has no default translation.
W: warning: string 'face_beauty_advanced' has no default translation.
W: warning: string 'face_beauty_age_alias_female_0_7' has no default translation.
W: warning: string 'face_beauty_age_alias_female_18_30' has no default translation.
W: warning: string 'face_beauty_age_alias_female_31_44' has no default translation.
W: warning: string 'face_beauty_age_alias_female_45_60' has no default translation.
W: warning: string 'face_beauty_age_alias_female_60_m' has no default translation.
W: warning: string 'face_beauty_age_alias_female_8_17' has no default translation.
W: warning: string 'face_beauty_age_alias_male_0_7' has no default translation.
W: warning: string 'face_beauty_age_alias_male_18_30' has no default translation.
W: warning: string 'face_beauty_age_alias_male_31_44' has no default translation.
W: warning: string 'face_beauty_age_alias_male_45_60' has no default translation.
W: warning: string 'face_beauty_age_alias_male_60_m' has no default translation.
W: warning: string 'face_beauty_age_alias_male_8_17' has no default translation.
W: warning: string 'face_beauty_intelligent_level_0' has no default translation.
W: warning: string 'face_beauty_intelligent_level_1' has no default translation.
W: warning: string 'face_beauty_intelligent_level_2' has no default translation.
W: warning: string 'face_beauty_intelligent_level_3' has no default translation.
W: warning: string 'face_beauty_smart' has no default translation.
W: warning: string 'flash' has no default translation.
W: warning: string 'height' has no default translation.
W: warning: string 'hint_device_water_mark' has no default translation.
W: warning: string 'location' has no default translation.
W: warning: string 'model' has no default translation.
W: warning: string 'orientation' has no default translation.
W: warning: string 'pano_how_to_use_prompt_to_move' has no default translation.
W: warning: string 'path' has no default translation.
W: warning: string 'portrait_bokeh_first_tips' has no default translation.
W: warning: string 'portrait_bokeh_text' has no default translation.
W: warning: string 'portrait_bokeh_tips' has no default translation.
W: warning: string 'portrait_mode_use_hint_for_bokeh' has no default translation.
W: warning: string 'portrait_mode_use_hint_with_switch' has no default translation.
W: warning: string 'pref_audio_focus_entry_front' has no default translation.
W: warning: string 'pref_audio_focus_entry_general' has no default translation.
W: warning: string 'pref_audio_focus_entry_rear' has no default translation.
W: warning: string 'pref_audio_focus_title' has no default translation.
W: warning: string 'pref_burst_shoot_title' has no default translation.
W: warning: string 'pref_camcorder_settings_category' has no default translation.
W: warning: string 'pref_camera_asd_popup_title' has no default translation.
W: warning: string 'pref_camera_audio_capture_title' has no default translation.
W: warning: string 'pref_camera_beautify_entry_auto' has no default translation.
W: warning: string 'pref_camera_coloreffect_entry_aqua' has no default translation.
W: warning: string 'pref_camera_coloreffect_entry_big_face' has no default translation.
W: warning: string 'pref_camera_coloreffect_entry_blackwhite' has no default translation.
W: warning: string 'pref_camera_coloreffect_entry_fisheye' has no default translation.
W: warning: string 'pref_camera_coloreffect_entry_instagram_clarendon' has no default translation.
W: warning: string 'pref_camera_coloreffect_entry_instagram_crema' has no default translation.
W: warning: string 'pref_camera_coloreffect_entry_instagram_hudson' has no default translation.
W: warning: string 'pref_camera_coloreffect_entry_instagram_rise' has no default translation.
W: warning: string 'pref_camera_coloreffect_entry_light_tunnel' has no default translation.
W: warning: string 'pref_camera_coloreffect_entry_long_face' has no default translation.
W: warning: string 'pref_camera_coloreffect_entry_mirror' has no default translation.
W: warning: string 'pref_camera_coloreffect_entry_mono' has no default translation.
W: warning: string 'pref_camera_coloreffect_entry_mosaic' has no default translation.
W: warning: string 'pref_camera_coloreffect_entry_negative' has no default translation.
W: warning: string 'pref_camera_coloreffect_entry_posterize' has no default translation.
W: warning: string 'pref_camera_coloreffect_entry_sepia' has no default translation.
W: warning: string 'pref_camera_coloreffect_entry_sketch' has no default translation.
W: warning: string 'pref_camera_coloreffect_entry_small_face' has no default translation.
W: warning: string 'pref_camera_coloreffect_entry_vivid' has no default translation.
W: warning: string 'pref_camera_coloreffect_entry_vsco_a4' has no default translation.
W: warning: string 'pref_camera_coloreffect_entry_vsco_f2' has no default translation.
W: warning: string 'pref_camera_delay_capture_entry_10s' has no default translation.
W: warning: string 'pref_camera_delay_capture_entry_audio' has no default translation.
W: warning: string 'pref_camera_face_info_watermark_title' has no default translation.
W: warning: string 'pref_camera_focusmode_entry_manual' has no default translation.
W: warning: string 'pref_camera_focusmode_title' has no default translation.
W: warning: string 'pref_camera_front_bokeh_entry_off' has no default translation.
W: warning: string 'pref_camera_front_bokeh_entry_on' has no default translation.
W: warning: string 'pref_camera_gradienter_title' has no default translation.
W: warning: string 'pref_camera_groupshot_mode_title' has no default translation.
W: warning: string 'pref_camera_hand_night_title' has no default translation.
W: warning: string 'pref_camera_hfr_entry_2x' has no default translation.
W: warning: string 'pref_camera_hfr_entry_3x' has no default translation.
W: warning: string 'pref_camera_hfr_entry_4x' has no default translation.
W: warning: string 'pref_camera_hfr_entry_off' has no default translation.
W: warning: string 'pref_camera_histogram_entry_disable' has no default translation.
W: warning: string 'pref_camera_histogram_entry_enable' has no default translation.
W: warning: string 'pref_camera_manual_mode_title' has no default translation.
W: warning: string 'pref_camera_panoramamode_title' has no default translation.
W: warning: string 'pref_camera_peak_entry_off' has no default translation.
W: warning: string 'pref_camera_peak_entry_on' has no default translation.
W: warning: string 'pref_camera_peak_title' has no default translation.
W: warning: string 'pref_camera_picturesize_entry_fullscreen' has no default translation.
W: warning: string 'pref_camera_picturesize_entry_standard' has no default translation.
W: warning: string 'pref_camera_portrait_mode_entry_off' has no default translation.
W: warning: string 'pref_camera_portrait_mode_entry_on' has no default translation.
W: warning: string 'pref_camera_recordlocation_entry_off' has no default translation.
W: warning: string 'pref_camera_recordlocation_entry_on' has no default translation.
W: warning: string 'pref_camera_scenemode_entry_off' has no default translation.
W: warning: string 'pref_camera_settings_title' has no default translation.
W: warning: string 'pref_camera_show_gender_age_entry_alias' has no default translation.
W: warning: string 'pref_camera_show_gender_age_entry_off' has no default translation.
W: warning: string 'pref_camera_show_gender_age_entry_on' has no default translation.
W: warning: string 'pref_camera_show_gender_age_label_alias' has no default translation.
W: warning: string 'pref_camera_show_gender_age_label_on' has no default translation.
W: warning: string 'pref_camera_show_gender_age_title' has no default translation.
W: warning: string 'pref_camera_square_mode_title' has no default translation.
W: warning: string 'pref_camera_stereo_mode_title' has no default translation.
W: warning: string 'pref_camera_super_resolution_title' has no default translation.
W: warning: string 'pref_camera_touchafaec_entry_off' has no default translation.
W: warning: string 'pref_camera_touchafaec_entry_on' has no default translation.
W: warning: string 'pref_camera_ubifocus_title' has no default translation.
W: warning: string 'pref_camera_video_duration_entry_10' has no default translation.
W: warning: string 'pref_camera_video_duration_entry_120' has no default translation.
W: warning: string 'pref_camera_video_duration_entry_30' has no default translation.
W: warning: string 'pref_camera_video_duration_entry_mms' has no default translation.
W: warning: string 'pref_camera_volumekey_function_entry_exposure' has no default translation.
W: warning: string 'pref_camera_whitebalance_entry_cloudy' has no default translation.
W: warning: string 'pref_camera_whitebalance_entry_daylight' has no default translation.
W: warning: string 'pref_camera_whitebalance_entry_fluorescent' has no default translation.
W: warning: string 'pref_camera_whitebalance_entry_incandescent' has no default translation.
W: warning: string 'pref_camera_whitebalance_entry_manual' has no default translation.
W: warning: string 'pref_camera_whitebalance_entry_measure' has no default translation.
W: warning: string 'pref_camera_zoom_mode_entry_high_pixel' has no default translation.
W: warning: string 'pref_camera_zoom_mode_entry_standard' has no default translation.
W: warning: string 'pref_camera_zsl_entry_off' has no default translation.
W: warning: string 'pref_camera_zsl_entry_on' has no default translation.
W: warning: string 'pref_face_beauty_title' has no default translation.
W: warning: string 'pref_front_mirror_entry_auto' has no default translation.
W: warning: string 'pref_front_mirror_label_auto' has no default translation.
W: warning: string 'pref_skin_beautify_color_title' has no default translation.
W: warning: string 'pref_skin_beautify_eye_title' has no default translation.
W: warning: string 'pref_skin_beautify_intelligent_title' has no default translation.
W: warning: string 'pref_skin_beautify_slim_title' has no default translation.
W: warning: string 'pref_skin_beautify_smooth_title' has no default translation.
W: warning: string 'pref_video_captrue_ability_title' has no default translation.
W: warning: string 'pref_video_speed_entry_fast' has no default translation.
W: warning: string 'pref_video_speed_entry_normal' has no default translation.
W: warning: string 'pref_video_speed_entry_slow' has no default translation.
W: warning: string 'simple_mode_button_asd_flash' has no default translation.
W: warning: string 'simple_mode_button_asd_hdr' has no default translation.
W: warning: string 'simple_mode_button_text_audio_capture' has no default translation.
W: warning: string 'simple_mode_button_text_color_effect' has no default translation.
W: warning: string 'simple_mode_button_text_delay_capture' has no default translation.
W: warning: string 'simple_mode_button_text_face_beauty' has no default translation.
W: warning: string 'simple_mode_button_text_fast_video' has no default translation.
W: warning: string 'simple_mode_button_text_gradienter' has no default translation.
W: warning: string 'simple_mode_button_text_groupshot' has no default translation.
W: warning: string 'simple_mode_button_text_hand_night' has no default translation.
W: warning: string 'simple_mode_button_text_magic_mirror' has no default translation.
W: warning: string 'simple_mode_button_text_manual' has no default translation.
W: warning: string 'simple_mode_button_text_panorama' has no default translation.
W: warning: string 'simple_mode_button_text_scene' has no default translation.
W: warning: string 'simple_mode_button_text_slow_video' has no default translation.
W: warning: string 'simple_mode_button_text_square' has no default translation.
W: warning: string 'simple_mode_button_text_stereo_mode' has no default translation.
W: warning: string 'simple_mode_button_text_tilt_shift' has no default translation.
W: warning: string 'simple_mode_button_text_ubifocus' has no default translation.
W: warning: string 'tap_to_exposure' has no default translation.
W: warning: string 'tap_to_focus' has no default translation.
W: warning: string 'time' has no default translation.
W: warning: string 'title' has no default translation.
W: warning: string 'toast_burst_snap_forbidden_when_audio_capture_open' has no default translation.
W: warning: string 'toast_start_audio_capture' has no default translation.
W: warning: string 'wait' has no default translation.
W: warning: string 'width' has no default translation.
I: Building apk file...
I: Copying unknown files/dir...
I: Built apk...
PS J:\ROOT\GitHub\ANXCamera10>